abdulsamad@Abduls-MacBook-Pro AzureFunctions-triggers-test %
abdulsamad@Abduls-MacBook-Pro AzureFunctions-triggers-test % cd /Users/abdulsamad/DEV/Lumovy

az storage blob upload \
  --container-name incoming \
  --file sample-data/contacts.csv \
  --name contacts.csv \
  --connection-string "DefaultEndpointsProtocol=http;AccountName=devstoreaccount1;AccountKey=Eby8vdM02xNOcqFlqUwJPLlmEtlCDXJ1OUzFT50uSRZ6IFsuFq2UVErCz4I6tq/K1SZFPTOtr/KBHBeksoGMGw==;BlobEndpoint=http://127.0.0.1:10000/devstoreaccount1"
Alive[#####################################Finished[#############################################################]  100.0000%
{
  "client_request_id": "73020096-47f5-11f1-9507-e2e3faa9f6a1",
  "content_md5": "EIzEo1aTYVwicwctCv9v8w==",
  "date": "2026-05-04T20:11:34+00:00",
  "encryption_key_sha256": null,
  "encryption_scope": null,
  "etag": "\"0x22082AD17F5F320\"",
  "lastModified": "2026-05-04T20:11:34+00:00",
  "request_id": "f9bc203d-5d9c-4d02-b94c-84a2e092a62f",
  "request_server_encrypted": true,
  "structured_body": null,
  "version": "2025-11-05",
  "version_id": null
}
abdulsamad@Abduls-MacBook-Pro Lumovy % 